<?xml version="1.0" encoding="UTF-8"?>
<testng-results skipped="0" failed="0" total="1" passed="1">
  <reporter-output>
  </reporter-output>
  <suite name="Travelocity Challenge Test Suite" duration-ms="47906" started-at="2017-11-15T21:04:37Z" finished-at="2017-11-15T21:05:25Z">
    <groups>
    </groups>
    <test name="Travelocity Tests" duration-ms="47906" started-at="2017-11-15T21:04:37Z" finished-at="2017-11-15T21:05:25Z">
      <class name="com.globantu.automation.yoniffer_mendez.test.TravelocityTest">
        <test-method status="PASS" signature="beforeSuite(java.lang.String)[pri:0, instance:com.globantu.automation.yoniffer_mendez.test.TravelocityTest@5a8806ef]" name="beforeSuite" is-config="true" duration-ms="11447" started-at="2017-11-15T15:04:26Z" finished-at="2017-11-15T15:04:37Z">
          <params>
            <param index="0">
              <value>
                <![CDATA[chrome]]>
              </value>
            </param>
          </params>
          <reporter-output>
          </reporter-output>
        </test-method> <!-- beforeSuite -->
        <test-method status="PASS" signature="testSearchFlight(java.lang.String, java.lang.String, int, int)[pri:0, instance:com.globantu.automation.yoniffer_mendez.test.TravelocityTest@5a8806ef]" name="testSearchFlight" duration-ms="47897" started-at="2017-11-15T15:04:37Z" finished-at="2017-11-15T15:05:25Z">
          <params>
            <param index="0">
              <value>
                <![CDATA[LAS]]>
              </value>
            </param>
            <param index="1">
              <value>
                <![CDATA[LAX]]>
              </value>
            </param>
            <param index="2">
              <value>
                <![CDATA[3]]>
              </value>
            </param>
            <param index="3">
              <value>
                <![CDATA[5]]>
              </value>
            </param>
          </params>
          <reporter-output>
          </reporter-output>
        </test-method> <!-- testSearchFlight -->
        <test-method status="PASS" signature="afterMethod()[pri:0, instance:com.globantu.automation.yoniffer_mendez.test.TravelocityTest@5a8806ef]" name="afterMethod" is-config="true" duration-ms="898" started-at="2017-11-15T15:05:25Z" finished-at="2017-11-15T15:05:26Z">
          <reporter-output>
          </reporter-output>
        </test-method> <!-- afterMethod -->
      </class> <!-- com.globantu.automation.yoniffer_mendez.test.TravelocityTest -->
    </test> <!-- Travelocity Tests -->
  </suite> <!-- Travelocity Challenge Test Suite -->
</testng-results>
